2026-07-21 22:23:55,402 - WARNING - Sound file not found at: C:\Users\User\Downloads\ChessCTD\assests\move.mp3
2026-07-21 22:23:55,402 - WARNING - Sound file not found at: C:\Users\User\Downloads\ChessCTD\assests\capture.mp3
2026-07-21 22:23:55,402 - WARNING - Sound file not found at: C:\Users\User\Downloads\ChessCTD\assests\game_over.mp3
2026-07-21 22:24:02,112 - WARNING - Sound file not found at: C:\Users\User\Downloads\ChessCTD\assests\move.mp3
2026-07-21 22:24:02,112 - WARNING - Sound file not found at: C:\Users\User\Downloads\ChessCTD\assests\capture.mp3
2026-07-21 22:24:02,112 - WARNING - Sound file not found at: C:\Users\User\Downloads\ChessCTD\assests\game_over.mp3
2026-07-21 22:24:06,030 - INFO - Move completed (Sound file missing, logged only).
2026-07-21 22:24:06,048 - INFO - Move completed (Sound file missing, logged only).
2026-07-21 22:24:09,508 - INFO - Move completed (Sound file missing, logged only).
2026-07-21 22:24:09,546 - INFO - Move completed (Sound file missing, logged only).
2026-07-21 22:24:11,690 - INFO - Move completed (Sound file missing, logged only).
2026-07-21 22:24:11,694 - INFO - Move completed (Sound file missing, logged only).
2026-07-21 22:24:13,766 - INFO - Move completed (Sound file missing, logged only).
2026-07-21 22:24:13,775 - INFO - Move completed (Sound file missing, logged only).
2026-07-21 22:24:15,785 - INFO - Move completed (Sound file missing, logged only).
2026-07-21 22:24:15,806 - INFO - Move completed (Sound file missing, logged only).
2026-07-21 22:24:16,797 - INFO - Game over (Sound file missing, logged only).
2026-07-21 22:25:33,006 - WARNING - Sound file not found at: C:\Users\User\Downloads\ChessCTD\assests\move.mp3
2026-07-21 22:25:33,006 - WARNING - Sound file not found at: C:\Users\User\Downloads\ChessCTD\assests\capture.mp3
2026-07-21 22:25:33,007 - WARNING - Sound file not found at: C:\Users\User\Downloads\ChessCTD\assests\game_over.mp3
2026-07-21 22:26:37,143 - WARNING - Sound file not found at: C:\Users\User\Downloads\ChessCTD\assets\move.mp3
2026-07-21 22:26:37,143 - WARNING - Sound file not found at: C:\Users\User\Downloads\ChessCTD\assets\capture.mp3
2026-07-21 22:26:37,143 - WARNING - Sound file not found at: C:\Users\User\Downloads\ChessCTD\assets\game_over.mp3
2026-07-21 22:27:20,447 - WARNING - Sound file not found at: C:\Users\User\Downloads\ChessCTD\assets\move.mp3
2026-07-21 22:27:20,448 - WARNING - Sound file not found at: C:\Users\User\Downloads\ChessCTD\assets\capture.mp3
2026-07-21 22:27:20,448 - WARNING - Sound file not found at: C:\Users\User\Downloads\ChessCTD\assets\game_over.mp3
2026-07-21 22:29:13,781 - INFO - Loaded sound file: move.wav
2026-07-21 22:29:13,781 - INFO - Loaded sound file: capture.wav
2026-07-21 22:29:13,782 - INFO - Loaded sound file: game_over.wav
2026-07-21 22:29:21,104 - INFO - Loaded sound file: move.wav
2026-07-21 22:29:21,105 - INFO - Loaded sound file: capture.wav
2026-07-21 22:29:21,106 - INFO - Loaded sound file: game_over.wav
2026-07-21 22:29:24,786 - INFO - Played move sound effect.
2026-07-21 22:29:24,787 - INFO - Played move sound effect.
2026-07-21 22:29:27,625 - INFO - Played move sound effect.
2026-07-21 22:29:27,628 - INFO - Played move sound effect.
2026-07-21 22:29:29,401 - INFO - Played move sound effect.
2026-07-21 22:29:29,410 - INFO - Played move sound effect.
2026-07-21 22:29:31,207 - INFO - Played move sound effect.
2026-07-21 22:29:31,215 - INFO - Played move sound effect.
2026-07-21 22:29:33,191 - INFO - Played move sound effect.
2026-07-21 22:29:33,207 - INFO - Played move sound effect.
2026-07-21 22:29:34,244 - INFO - Played game over sound effect.
2026-07-21 22:37:33,610 - INFO - Loaded sound file: move.wav
2026-07-21 22:37:33,610 - INFO - Loaded sound file: capture.wav
2026-07-21 22:37:33,611 - INFO - Loaded sound file: game_over.wav
2026-07-21 22:37:40,633 - INFO - Loaded sound file: move.wav
2026-07-21 22:37:40,633 - INFO - Loaded sound file: capture.wav
2026-07-21 22:37:40,633 - INFO - Loaded sound file: game_over.wav
2026-07-21 22:39:03,435 - INFO - Loaded sound file: move.wav
2026-07-21 22:39:03,435 - INFO - Loaded sound file: capture.wav
2026-07-21 22:39:03,436 - INFO - Loaded sound file: game_over.wav
2026-07-21 22:39:09,423 - INFO - Loaded sound file: move.wav
2026-07-21 22:39:09,423 - INFO - Loaded sound file: capture.wav
2026-07-21 22:39:09,423 - INFO - Loaded sound file: game_over.wav
2026-07-21 22:42:48,845 - INFO - Loaded sound file: move.wav
2026-07-21 22:42:48,846 - INFO - Loaded sound file: capture.wav
2026-07-21 22:42:48,847 - INFO - Loaded sound file: game_over.wav
2026-07-21 22:42:54,321 - INFO - Loaded sound file: move.wav
2026-07-21 22:42:54,321 - INFO - Loaded sound file: capture.wav
2026-07-21 22:42:54,322 - INFO - Loaded sound file: game_over.wav
2026-07-21 22:42:58,091 - INFO - Played move sound effect.
2026-07-21 22:43:00,986 - INFO - Played move sound effect.
2026-07-21 22:43:02,756 - INFO - Played move sound effect.
2026-07-21 22:43:04,700 - INFO - Played move sound effect.
2026-07-21 22:43:06,869 - INFO - Played move sound effect.
2026-07-21 22:43:12,710 - INFO - Played move sound effect.
2026-07-21 22:43:15,649 - INFO - Played move sound effect.
2026-07-21 22:43:17,449 - INFO - Played move sound effect.
2026-07-21 22:43:19,378 - INFO - Played move sound effect.
2026-07-21 22:43:21,526 - INFO - Played move sound effect.
2026-07-21 22:43:22,543 - INFO - Played game over sound effect.
2026-07-21 22:43:51,354 - INFO - Loaded sound file: move.wav
2026-07-21 22:43:51,354 - INFO - Loaded sound file: capture.wav
2026-07-21 22:43:51,355 - INFO - Loaded sound file: game_over.wav
2026-07-21 22:43:57,342 - INFO - Loaded sound file: move.wav
2026-07-21 22:43:57,342 - INFO - Loaded sound file: capture.wav
2026-07-21 22:43:57,343 - INFO - Loaded sound file: game_over.wav
2026-07-21 22:44:09,933 - INFO - Played move sound effect.
2026-07-21 22:47:49,717 - INFO - Loaded sound file: move.wav
2026-07-21 22:47:49,718 - INFO - Loaded sound file: capture.wav
2026-07-21 22:47:49,718 - INFO - Loaded sound file: game_over.wav
2026-07-21 22:47:55,374 - INFO - Loaded sound file: move.wav
2026-07-21 22:47:55,374 - INFO - Loaded sound file: capture.wav
2026-07-21 22:47:55,374 - INFO - Loaded sound file: game_over.wav
2026-07-21 22:48:00,722 - INFO - Played move sound effect.
2026-07-21 23:54:46,660 - INFO - Loaded sound file: move.wav
2026-07-21 23:54:46,674 - INFO - Loaded sound file: capture.wav
2026-07-21 23:54:46,690 - INFO - Loaded sound file: game_over.wav
2026-07-21 23:54:52,783 - INFO - Loaded sound file: move.wav
2026-07-21 23:54:52,784 - INFO - Loaded sound file: capture.wav
2026-07-21 23:54:52,785 - INFO - Loaded sound file: game_over.wav
2026-07-21 23:54:56,218 - INFO - Played move sound effect.
2026-07-21 23:55:06,461 - INFO - Played move sound effect.
2026-07-21 23:57:51,227 - INFO - Loaded sound file: move.wav
2026-07-21 23:57:51,228 - INFO - Loaded sound file: capture.wav
2026-07-21 23:57:51,228 - INFO - Loaded sound file: game_over.wav
2026-07-21 23:57:57,640 - INFO - Loaded sound file: move.wav
2026-07-21 23:57:57,641 - INFO - Loaded sound file: capture.wav
2026-07-21 23:57:57,642 - INFO - Loaded sound file: game_over.wav
2026-07-21 23:58:01,183 - INFO - Played move sound effect.
2026-07-21 23:59:17,427 - INFO - Loaded sound file: move.wav
2026-07-21 23:59:17,428 - INFO - Loaded sound file: capture.wav
2026-07-21 23:59:17,429 - INFO - Loaded sound file: game_over.wav
2026-07-21 23:59:24,745 - INFO - Loaded sound file: move.wav
2026-07-21 23:59:24,745 - INFO - Loaded sound file: capture.wav
2026-07-21 23:59:24,746 - INFO - Loaded sound file: game_over.wav
2026-07-21 23:59:28,540 - INFO - Played move sound effect.
2026-07-22 00:01:14,679 - INFO - Loaded sound file: move.wav
2026-07-22 00:01:14,679 - INFO - Loaded sound file: capture.wav
2026-07-22 00:01:14,680 - INFO - Loaded sound file: game_over.wav
2026-07-22 00:01:21,218 - INFO - Loaded sound file: move.wav
2026-07-22 00:01:21,218 - INFO - Loaded sound file: capture.wav
2026-07-22 00:01:21,219 - INFO - Loaded sound file: game_over.wav
2026-07-22 00:01:24,164 - INFO - Played move sound effect.
2026-07-22 00:01:24,190 - INFO - Played move sound effect.
2026-07-22 00:01:34,217 - INFO - Played move sound effect.
2026-07-22 00:01:34,219 - INFO - Played move sound effect.
2026-07-22 00:01:36,005 - INFO - Played move sound effect.
2026-07-22 00:01:36,013 - INFO - Played move sound effect.
2026-07-22 00:01:38,079 - INFO - Played move sound effect.
2026-07-22 00:01:38,081 - INFO - Played move sound effect.
2026-07-22 00:01:41,232 - INFO - Played move sound effect.
2026-07-22 00:01:41,235 - INFO - Played move sound effect.
2026-07-22 00:01:44,074 - INFO - Played move sound effect.
2026-07-22 00:01:44,084 - INFO - Played move sound effect.
2026-07-22 00:01:45,989 - INFO - Played move sound effect.
2026-07-22 00:01:46,000 - INFO - Played move sound effect.
2026-07-22 00:01:48,049 - INFO - Played move sound effect.
2026-07-22 00:01:48,070 - INFO - Played move sound effect.
2026-07-22 00:01:50,250 - INFO - Played move sound effect.
2026-07-22 00:01:50,262 - INFO - Played move sound effect.
2026-07-22 00:01:51,274 - INFO - Played game over sound effect.
2026-07-22 00:03:56,674 - INFO - Loaded sound file: move.wav
2026-07-22 00:03:56,675 - INFO - Loaded sound file: capture.wav
2026-07-22 00:03:56,675 - INFO - Loaded sound file: game_over.wav
2026-07-22 00:04:03,165 - INFO - Loaded sound file: move.wav
2026-07-22 00:04:03,165 - INFO - Loaded sound file: capture.wav
2026-07-22 00:04:03,166 - INFO - Loaded sound file: game_over.wav
2026-07-22 00:04:08,527 - INFO - Played move sound effect.
2026-07-22 00:04:08,537 - INFO - Played move sound effect.
2026-07-22 00:04:14,911 - INFO - Played move sound effect.
2026-07-22 00:04:14,921 - INFO - Played move sound effect.
2026-07-22 00:06:26,196 - INFO - Loaded sound file: move.wav
2026-07-22 00:06:26,197 - INFO - Loaded sound file: capture.wav
2026-07-22 00:06:26,197 - INFO - Loaded sound file: game_over.wav
2026-07-22 00:06:31,580 - INFO - Loaded sound file: move.wav
2026-07-22 00:06:31,580 - INFO - Loaded sound file: capture.wav
2026-07-22 00:06:31,580 - INFO - Loaded sound file: game_over.wav
2026-07-22 00:06:36,970 - INFO - Played move sound effect.
2026-07-22 00:06:36,972 - INFO - Played move sound effect.
2026-07-22 00:08:18,288 - INFO - Loaded sound file: move.wav
2026-07-22 00:08:18,289 - INFO - Loaded sound file: capture.wav
2026-07-22 00:08:18,289 - INFO - Loaded sound file: game_over.wav
2026-07-22 00:08:34,091 - INFO - Loaded sound file: move.wav
2026-07-22 00:08:34,091 - INFO - Loaded sound file: capture.wav
2026-07-22 00:08:34,093 - INFO - Loaded sound file: game_over.wav
2026-07-22 00:08:40,505 - INFO - Played move sound effect.
2026-07-22 00:08:40,514 - INFO - Played move sound effect.
2026-07-22 00:09:04,697 - INFO - Loaded sound file: move.wav
2026-07-22 00:09:04,697 - INFO - Loaded sound file: capture.wav
2026-07-22 00:09:04,698 - INFO - Loaded sound file: game_over.wav
2026-07-22 00:09:18,007 - INFO - Loaded sound file: move.wav
2026-07-22 00:09:18,008 - INFO - Loaded sound file: capture.wav
2026-07-22 00:09:18,008 - INFO - Loaded sound file: game_over.wav
2026-07-22 00:09:20,418 - INFO - Played move sound effect.
2026-07-22 00:09:20,887 - INFO - Played move sound effect.
2026-07-22 00:09:24,768 - INFO - Played move sound effect.
2026-07-22 00:09:24,780 - INFO - Played move sound effect.
2026-07-22 00:09:26,470 - INFO - Played move sound effect.
2026-07-22 00:09:26,471 - INFO - Played move sound effect.
2026-07-22 00:09:28,255 - INFO - Played move sound effect.
2026-07-22 00:09:28,261 - INFO - Played move sound effect.
2026-07-22 00:09:30,677 - INFO - Played move sound effect.
2026-07-22 00:09:30,685 - INFO - Played move sound effect.
2026-07-22 00:09:31,694 - INFO - Played game over sound effect.
